<?xml version="1.0" encoding="UTF-8"?>
<!-- Generated by org.testng.reporters.JUnitReportReporter -->
<testsuite hostname="LAPTOP-HV9JTJ5U" failures="0" tests="1" name="SmokeTest.DeleteIncident" time="21.251" errors="0" timestamp="2022-03-06T10:23:47 IST" skipped="0">
  <testcase classname="SmokeTest.DeleteIncident" name="deleteIncident" time="21.251"/>
  <system-out/>
</testsuite> <!-- SmokeTest.DeleteIncident -->
