<?xml version="1.0" encoding="UTF-8"?>
<!-- Generated by org.testng.reporters.JUnitReportReporter -->
<testsuite hostname="LAPTOP-HV9JTJ5U" failures="0" tests="2" name="SmokeTest.CreateIncident" time="27.493" errors="0" timestamp="2022-03-06T21:16:22 IST" skipped="1">
  <testcase classname="SmokeTest.CreateIncident" name="createIncidentThroughAutomation" time="27.493"/>
  <system-out/>
  <testcase classname="SmokeTest.CreateIncident" name="createIncident">
    <skipped/>
  </testcase> <!-- createIncident -->
  <system-out/>
</testsuite> <!-- SmokeTest.CreateIncident -->
