<?xml version="1.0" encoding="UTF-8"?>
<!-- Generated by org.testng.reporters.JUnitReportReporter -->
<testsuite hostname="LAPTOP-HV9JTJ5U" failures="0" tests="1" name="SmokeTest.EditIncident" time="20.756" errors="0" timestamp="2022-03-06T10:23:47 IST" skipped="0">
  <testcase classname="SmokeTest.EditIncident" name="editIncident" time="20.756"/>
  <system-out/>
</testsuite> <!-- SmokeTest.EditIncident -->
