<?xml version="1.0" encoding="UTF-8"?>
<!-- Generated by org.testng.reporters.JUnitReportReporter -->
<testsuite skipped="1" hostname="LAPTOP-HV9JTJ5U" name="SmokeTest.CreateIncident" tests="2" failures="0" timestamp="2022-03-10T22:50:19 IST" time="21.268" errors="0">
  <testcase name="createIncidentThroughAutomation" time="21.268" classname="SmokeTest.CreateIncident"/>
  <system-out/>
  <testcase name="createIncident" classname="SmokeTest.CreateIncident">
    <skipped/>
  </testcase> <!-- createIncident -->
  <system-out/>
</testsuite> <!-- SmokeTest.CreateIncident -->
