<?xml version="1.0" encoding="UTF-8"?>
<!-- Generated by org.testng.reporters.JUnitReportReporter -->
<testsuite hostname="LAPTOP-HV9JTJ5U" failures="0" tests="1" name="SmokeTest.CreateIncident" time="0.003" errors="0" timestamp="2022-02-23T08:51:33 IST" skipped="0">
  <testcase classname="SmokeTest.CreateIncident" name="createIncident" time="0.003"/>
  <system-out/>
</testsuite> <!-- SmokeTest.CreateIncident -->
